Time is 1
OFFDUTY=N
No.	State	CurNum	CurCustTime	WinListCustCount	Tot	ScheRestTime	TotOffTime
1	1	0		0		0		0	0		0
2	1	0		0		0		0	0		0
3	1	0		0		0		0	0		0
4	1	0		0		0		0	0		0
5	5	0		0		0		0	0		0
6	5	0		0		0		0	0		0
7	5	0		0		0		0	0		0
8	5	0		0		0		0	0		0
ListLines = 1
ListCustCount = 0

Time is 9
OFFDUTY=N
No.	State	CurNum	CurCustTime	WinListCustCount	Tot	ScheRestTime	TotOffTime
1	2	1		2		1		0	0		0
2	2	1		4		1		0	0		0
3	2	1		4		1		0	0		0
4	1	0		0		0		0	0		0
5	5	0		0		0		0	0		0
6	5	0		0		0		0	0		0
7	5	0		0		0		0	0		0
8	5	0		0		0		0	0		0
ListLines = 1
ListCustCount = 0

Time is 10
OFFDUTY=N
No.	State	CurNum	CurCustTime	WinListCustCount	Tot	ScheRestTime	TotOffTime
1	3	0		0		0		1	0		0
2	2	1		4		1		0	0		0
3	2	1		4		1		0	0		0
4	1	0		0		0		0	0		0
5	5	0		0		0		0	0		0
6	5	0		0		0		0	0		0
7	5	0		0		0		0	0		0
8	5	0		0		0		0	0		0
ListLines = 1
ListCustCount = 2

Time is 11
OFFDUTY=N
No.	State	CurNum	CurCustTime	WinListCustCount	Tot	ScheRestTime	TotOffTime
1	2	1		2		1		1	0		0
2	2	1		4		1		0	0		0
3	2	1		4		1		0	0		0
4	2	1		3		1		0	0		0
5	5	0		0		0		0	0		0
6	5	0		0		0		0	0		0
7	5	0		0		0		0	0		0
8	5	0		0		0		0	0		0
ListLines = 1
ListCustCount = 0

Time is 12
OFFDUTY=N
No.	State	CurNum	CurCustTime	WinListCustCount	Tot	ScheRestTime	TotOffTime
1	3	0		0		0		2	0		0
2	3	0		0		0		1	0		0
3	3	0		0		0		1	0		0
4	2	1		3		1		0	0		0
5	5	0		0		0		0	0		0
6	5	0		0		0		0	0		0
7	5	0		0		0		0	0		0
8	5	0		0		0		0	0		0
ListLines = 1
ListCustCount = 0

Time is 13
OFFDUTY=N
No.	State	CurNum	CurCustTime	WinListCustCount	Tot	ScheRestTime	TotOffTime
1	1	0		0		0		2	0		0
2	1	0		0		0		1	0		0
3	1	0		0		0		1	0		0
4	3	0		0		0		1	0		0
5	5	0		0		0		0	0		0
6	5	0		0		0		0	0		0
7	5	0		0		0		0	0		0
8	5	0		0		0		0	0		0
ListLines = 1
ListCustCount = 0

Time is 14
OFFDUTY=N
No.	State	CurNum	CurCustTime	WinListCustCount	Tot	ScheRestTime	TotOffTime
1	1	0		0		0		2	0		0
2	1	0		0		0		1	0		0
3	1	0		0		0		1	0		0
4	1	0		0		0		1	0		0
5	5	0		0		0		0	0		0
6	5	0		0		0		0	0		0
7	5	0		0		0		0	0		0
8	5	0		0		0		0	0		0
ListLines = 1
ListCustCount = 0

Time is 15
OFFDUTY=N
No.	State	CurNum	CurCustTime	WinListCustCount	Tot	ScheRestTime	TotOffTime
1	4	0		0		0		2	2		0
2	1	0		0		0		1	0		0
3	1	0		0		0		1	0		0
4	1	0		0		0		1	0		0
5	5	0		0		0		0	0		0
6	5	0		0		0		0	0		0
7	5	0		0		0		0	0		0
8	5	0		0		0		0	0		0
ListLines = 1
ListCustCount = 0

Time is 17
OFFDUTY=N
No.	State	CurNum	CurCustTime	WinListCustCount	Tot	ScheRestTime	TotOffTime
1	3	0		0		0		2	2		2
2	1	0		0		0		1	0		0
3	1	0		0		0		1	0		0
4	1	0		0		0		1	0		0
5	5	0		0		0		0	0		0
6	5	0		0		0		0	0		0
7	5	0		0		0		0	0		0
8	5	0		0		0		0	0		0
ListLines = 1
ListCustCount = 0

Time is 18
OFFDUTY=N
No.	State	CurNum	CurCustTime	WinListCustCount	Tot	ScheRestTime	TotOffTime
1	1	0		0		0		2	2		2
2	1	0		0		0		1	0		0
3	1	0		0		0		1	0		0
4	1	0		0		0		1	0		0
5	5	0		0		0		0	0		0
6	5	0		0		0		0	0		0
7	5	0		0		0		0	0		0
8	5	0		0		0		0	0		0
ListLines = 1
ListCustCount = 0

Time is 50
OFFDUTY=N
No.	State	CurNum	CurCustTime	WinListCustCount	Tot	ScheRestTime	TotOffTime
1	1	0		0		0		2	2		2
2	1	0		0		0		1	0		0
3	4	0		0		0		1	4		0
4	1	0		0		0		1	0		0
5	5	0		0		0		0	0		0
6	5	0		0		0		0	0		0
7	5	0		0		0		0	0		0
8	5	0		0		0		0	0		0
ListLines = 1
ListCustCount = 5

Time is 51
OFFDUTY=N
No.	State	CurNum	CurCustTime	WinListCustCount	Tot	ScheRestTime	TotOffTime
1	2	2		2		2		2	2		2
2	2	1		5		1		1	0		0
3	4	0		0		0		1	4		0
4	2	2		3		2		1	0		0
5	5	0		0		0		0	0		0
6	5	0		0		0		0	0		0
7	5	0		0		0		0	0		0
8	5	0		0		0		0	0		0
ListLines = 1
ListCustCount = 0

Time is 52
OFFDUTY=N
No.	State	CurNum	CurCustTime	WinListCustCount	Tot	ScheRestTime	TotOffTime
1	3	1		0		1		3	2		2
2	2	1		5		1		1	0		0
3	4	0		0		0		1	4		0
4	2	2		3		2		1	0		0
5	5	0		0		0		0	0		0
6	5	0		0		0		0	0		0
7	5	0		0		0		0	0		0
8	5	0		0		0		0	0		0
ListLines = 1
ListCustCount = 0

Time is 53
OFFDUTY=N
No.	State	CurNum	CurCustTime	WinListCustCount	Tot	ScheRestTime	TotOffTime
1	2	1		4		1		3	2		2
2	2	1		5		1		1	0		0
3	4	0		0		0		1	4		0
4	3	1		0		1		2	0		0
5	5	0		0		0		0	0		0
6	5	0		0		0		0	0		0
7	5	0		0		0		0	0		0
8	5	0		0		0		0	0		0
ListLines = 1
ListCustCount = 0

Time is 54
OFFDUTY=N
No.	State	CurNum	CurCustTime	WinListCustCount	Tot	ScheRestTime	TotOffTime
1	2	1		4		1		3	2		2
2	2	1		5		1		1	0		0
3	3	0		0		0		1	4		4
4	2	1		4		1		2	0		0
5	5	0		0		0		0	0		0
6	5	0		0		0		0	0		0
7	5	0		0		0		0	0		0
8	5	0		0		0		0	0		0
ListLines = 1
ListCustCount = 0

Time is 55
OFFDUTY=N
No.	State	CurNum	CurCustTime	WinListCustCount	Tot	ScheRestTime	TotOffTime
1	2	1		4		1		3	2		2
2	3	0		0		0		2	0		0
3	1	0		0		0		1	4		4
4	2	1		4		1		2	0		0
5	5	0		0		0		0	0		0
6	5	0		0		0		0	0		0
7	5	0		0		0		0	0		0
8	5	0		0		0		0	0		0
ListLines = 1
ListCustCount = 0

Time is 56
OFFDUTY=N
No.	State	CurNum	CurCustTime	WinListCustCount	Tot	ScheRestTime	TotOffTime
1	3	0		0		0		4	2		2
2	1	0		0		0		2	0		0
3	1	0		0		0		1	4		4
4	2	1		4		1		2	0		0
5	5	0		0		0		0	0		0
6	5	0		0		0		0	0		0
7	5	0		0		0		0	0		0
8	5	0		0		0		0	0		0
ListLines = 1
ListCustCount = 0

Time is 57
OFFDUTY=N
No.	State	CurNum	CurCustTime	WinListCustCount	Tot	ScheRestTime	TotOffTime
1	1	0		0		0		4	2		2
2	1	0		0		0		2	0		0
3	1	0		0		0		1	4		4
4	3	0		0		0		3	0		0
5	5	0		0		0		0	0		0
6	5	0		0		0		0	0		0
7	5	0		0		0		0	0		0
8	5	0		0		0		0	0		0
ListLines = 1
ListCustCount = 0

Time is 58
OFFDUTY=N
No.	State	CurNum	CurCustTime	WinListCustCount	Tot	ScheRestTime	TotOffTime
1	1	0		0		0		4	2		2
2	1	0		0		0		2	0		0
3	1	0		0		0		1	4		4
4	1	0		0		0		3	0		0
5	5	0		0		0		0	0		0
6	5	0		0		0		0	0		0
7	5	0		0		0		0	0		0
8	5	0		0		0		0	0		0
ListLines = 1
ListCustCount = 0

Time is 81
OFFDUTY=N
No.	State	CurNum	CurCustTime	WinListCustCount	Tot	ScheRestTime	TotOffTime
1	2	1		3		1		4	2		2
2	2	1		4		1		2	0		0
3	1	0		0		0		1	4		4
4	2	1		5		1		3	0		0
5	5	0		0		0		0	0		0
6	5	0		0		0		0	0		0
7	5	0		0		0		0	0		0
8	5	0		0		0		0	0		0
ListLines = 1
ListCustCount = 0

Time is 83
OFFDUTY=N
No.	State	CurNum	CurCustTime	WinListCustCount	Tot	ScheRestTime	TotOffTime
1	3	0		0		0		5	2		2
2	2	1		4		1		2	0		0
3	1	0		0		0		1	4		4
4	2	1		5		1		3	0		0
5	5	0		0		0		0	0		0
6	5	0		0		0		0	0		0
7	5	0		0		0		0	0		0
8	5	0		0		0		0	0		0
ListLines = 1
ListCustCount = 0

Time is 84
OFFDUTY=N
No.	State	CurNum	CurCustTime	WinListCustCount	Tot	ScheRestTime	TotOffTime
1	1	0		0		0		5	2		2
2	3	0		0		0		3	0		0
3	1	0		0		0		1	4		4
4	2	1		5		1		3	0		0
5	5	0		0		0		0	0		0
6	5	0		0		0		0	0		0
7	5	0		0		0		0	0		0
8	5	0		0		0		0	0		0
ListLines = 1
ListCustCount = 0

Time is 85
OFFDUTY=N
No.	State	CurNum	CurCustTime	WinListCustCount	Tot	ScheRestTime	TotOffTime
1	1	0		0		0		5	2		2
2	1	0		0		0		3	0		0
3	1	0		0		0		1	4		4
4	3	0		0		0		4	0		0
5	5	0		0		0		0	0		0
6	5	0		0		0		0	0		0
7	5	0		0		0		0	0		0
8	5	0		0		0		0	0		0
ListLines = 1
ListCustCount = 0

Time is 86
OFFDUTY=N
No.	State	CurNum	CurCustTime	WinListCustCount	Tot	ScheRestTime	TotOffTime
1	1	0		0		0		5	2		2
2	1	0		0		0		3	0		0
3	1	0		0		0		1	4		4
4	1	0		0		0		4	0		0
5	5	0		0		0		0	0		0
6	5	0		0		0		0	0		0
7	5	0		0		0		0	0		0
8	5	0		0		0		0	0		0
ListLines = 1
ListCustCount = 0

