Time is 1
OFFDUTY=N
No.	State	CurNum	CurCustTime	WinListCustCount	Tot	ScheRestTime	TotOffTime
1	1	0		0		0		0	0		0
2	1	0		0		0		0	0		0
3	1	0		0		0		0	0		0
4	1	0		0		0		0	0		0
5	5	0		0		0		0	0		0
6	5	0		0		0		0	0		0
7	5	0		0		0		0	0		0
8	5	0		0		0		0	0		0
ListLines = 1
ListCustCount = 0

Time is 2
OFFDUTY=N
No.	State	CurNum	CurCustTime	WinListCustCount	Tot	ScheRestTime	TotOffTime
1	1	0		0		0		0	0		0
2	1	0		0		0		0	0		0
3	1	0		0		0		0	0		0
4	1	0		0		0		0	0		0
5	5	0		0		0		0	0		0
6	5	0		0		0		0	0		0
7	5	0		0		0		0	0		0
8	5	0		0		0		0	0		0
ListLines = 1
ListCustCount = 3

Time is 3
OFFDUTY=N
No.	State	CurNum	CurCustTime	WinListCustCount	Tot	ScheRestTime	TotOffTime
1	2	1		2		1		0	0		0
2	2	1		4		1		0	0		0
3	2	1		4		1		0	0		0
4	1	0		0		0		0	0		0
5	5	0		0		0		0	0		0
6	5	0		0		0		0	0		0
7	5	0		0		0		0	0		0
8	5	0		0		0		0	0		0
ListLines = 1
ListCustCount = 0

Time is 4
OFFDUTY=N
No.	State	CurNum	CurCustTime	WinListCustCount	Tot	ScheRestTime	TotOffTime
1	3	0		0		0		1	0		0
2	2	1		4		1		0	0		0
3	2	1		4		1		0	0		0
4	1	0		0		0		0	0		0
5	5	0		0		0		0	0		0
6	5	0		0		0		0	0		0
7	5	0		0		0		0	0		0
8	5	0		0		0		0	0		0
ListLines = 1
ListCustCount = 0

Time is 5
OFFDUTY=N
No.	State	CurNum	CurCustTime	WinListCustCount	Tot	ScheRestTime	TotOffTime
1	1	0		0		0		1	0		0
2	2	1		4		1		0	0		0
3	2	1		4		1		0	0		0
4	1	0		0		0		0	0		0
5	5	0		0		0		0	0		0
6	5	0		0		0		0	0		0
7	5	0		0		0		0	0		0
8	5	0		0		0		0	0		0
ListLines = 1
ListCustCount = 0

Time is 6
OFFDUTY=N
No.	State	CurNum	CurCustTime	WinListCustCount	Tot	ScheRestTime	TotOffTime
1	1	0		0		0		1	0		0
2	3	0		0		0		1	0		0
3	3	0		0		0		1	0		0
4	1	0		0		0		0	0		0
5	5	0		0		0		0	0		0
6	5	0		0		0		0	0		0
7	5	0		0		0		0	0		0
8	5	0		0		0		0	0		0
ListLines = 1
ListCustCount = 0

Time is 7
OFFDUTY=N
No.	State	CurNum	CurCustTime	WinListCustCount	Tot	ScheRestTime	TotOffTime
1	1	0		0		0		1	0		0
2	1	0		0		0		1	0		0
3	1	0		0		0		1	0		0
4	1	0		0		0		0	0		0
5	5	0		0		0		0	0		0
6	5	0		0		0		0	0		0
7	5	0		0		0		0	0		0
8	5	0		0		0		0	0		0
ListLines = 1
ListCustCount = 0

Time is 8
OFFDUTY=N
No.	State	CurNum	CurCustTime	WinListCustCount	Tot	ScheRestTime	TotOffTime
1	1	0		0		0		1	0		0
2	1	0		0		0		1	0		0
3	1	0		0		0		1	0		0
4	1	0		0		0		0	0		0
5	5	0		0		0		0	0		0
6	5	0		0		0		0	0		0
7	5	0		0		0		0	0		0
8	5	0		0		0		0	0		0
ListLines = 1
ListCustCount = 0

Time is 9
OFFDUTY=N
No.	State	CurNum	CurCustTime	WinListCustCount	Tot	ScheRestTime	TotOffTime
1	1	0		0		0		1	0		0
2	1	0		0		0		1	0		0
3	1	0		0		0		1	0		0
4	1	0		0		0		0	0		0
5	5	0		0		0		0	0		0
6	5	0		0		0		0	0		0
7	5	0		0		0		0	0		0
8	5	0		0		0		0	0		0
ListLines = 1
ListCustCount = 0

Time is 10
OFFDUTY=N
No.	State	CurNum	CurCustTime	WinListCustCount	Tot	ScheRestTime	TotOffTime
1	1	0		0		0		1	0		0
2	1	0		0		0		1	0		0
3	1	0		0		0		1	0		0
4	1	0		0		0		0	0		0
5	5	0		0		0		0	0		0
6	5	0		0		0		0	0		0
7	5	0		0		0		0	0		0
8	5	0		0		0		0	0		0
ListLines = 1
ListCustCount = 2

Time is 11
OFFDUTY=N
No.	State	CurNum	CurCustTime	WinListCustCount	Tot	ScheRestTime	TotOffTime
1	2	1		3		1		1	0		0
2	2	1		2		1		1	0		0
3	1	0		0		0		1	0		0
4	1	0		0		0		0	0		0
5	5	0		0		0		0	0		0
6	5	0		0		0		0	0		0
7	5	0		0		0		0	0		0
8	5	0		0		0		0	0		0
ListLines = 1
ListCustCount = 0

Time is 12
OFFDUTY=N
No.	State	CurNum	CurCustTime	WinListCustCount	Tot	ScheRestTime	TotOffTime
1	2	1		3		1		1	0		0
2	3	0		0		0		2	0		0
3	1	0		0		0		1	0		0
4	1	0		0		0		0	0		0
5	5	0		0		0		0	0		0
6	5	0		0		0		0	0		0
7	5	0		0		0		0	0		0
8	5	0		0		0		0	0		0
ListLines = 1
ListCustCount = 0

Time is 13
OFFDUTY=Y
No.	State	CurNum	CurCustTime	WinListCustCount	Tot	ScheRestTime	TotOffTime
1	3	0		0		0		2	0		0
2	1	0		0		0		2	0		0
3	1	0		0		0		1	0		0
4	1	0		0		0		0	0		0
5	5	0		0		0		0	0		0
6	5	0		0		0		0	0		0
7	5	0		0		0		0	0		0
8	5	0		0		0		0	0		0
ListLines = 1
ListCustCount = 0

